Using pre-set license
Built from '2020.3/staging' branch; Version is '2020.3.4f1 (0abb6314276a) revision 703331'; Using compiler version '192528614'; Build Type 'Release'
OS: 'Windows 10 Home; OS build 19042.985; Version 2009; 64bit' Language: 'en' Physical Memory: 16293 MB
BatchMode: 1, IsHumanControllingUs: 0, StartBugReporterOnCrash: 0, Is64bit: 1, IsPro: 0

 COMMAND LINE ARGUMENTS:
C:\Program Files\Unity\Hub\Editor\2020.3.4f1\Editor\Unity.exe
-adb2
-batchMode
-noUpm
-name
AssetImportWorker0
-projectPath
C:/Users/ORFGOD/Desktop/GaDWeek2Tutorial-main (3)/GaDWeek2Tutorial-main/GaD Week 2 Tutorial
-logFile
Logs/AssetImportWorker0.log
-srvPort
62222
Successfully changed project path to: C:/Users/ORFGOD/Desktop/GaDWeek2Tutorial-main (3)/GaDWeek2Tutorial-main/GaD Week 2 Tutorial
C:/Users/ORFGOD/Desktop/GaDWeek2Tutorial-main (3)/GaDWeek2Tutorial-main/GaD Week 2 Tutorial
Using Asset Import Pipeline V2.
Refreshing native plugins compatible for Editor in 26.82 ms, found 0 plugins.
Preloading 0 native plugins for Editor in 0.00 ms.
Initialize engine version: 2020.3.4f1 (0abb6314276a)
[Subsystems] Discovering subsystems at path C:/Program Files/Unity/Hub/Editor/2020.3.4f1/Editor/Data/Resources/UnitySubsystems
[Subsystems] Discovering subsystems at path C:/Users/ORFGOD/Desktop/GaDWeek2Tutorial-main (3)/GaDWeek2Tutorial-main/GaD Week 2 Tutorial/Assets
GfxDevice: creating device client; threaded=0
Direct3D:
    Version:  Direct3D 11.0 [level 11.1]
    Renderer: NVIDIA GeForce GTX 1660 Ti (ID=0x2182)
    Vendor:   
    VRAM:     5991 MB
    Driver:   27.21.14.5671
Initialize mono
Mono path[0] = 'C:/Program Files/Unity/Hub/Editor/2020.3.4f1/Editor/Data/Managed'
Mono path[1] = 'C:/Program Files/Unity/Hub/Editor/2020.3.4f1/Editor/Data/MonoBleedingEdge/lib/mono/unityjit'
Mono config path = 'C:/Program Files/Unity/Hub/Editor/2020.3.4f1/Editor/Data/MonoBleedingEdge/etc'
Using monoOptions --debugger-agent=transport=dt_socket,embedding=1,server=y,suspend=n,address=127.0.0.1:56944
Begin MonoManager ReloadAssembly
Registering precompiled unity dll's ...
Register platform support module: C:/Program Files/Unity/Hub/Editor/2020.3.4f1/Editor/Data/PlaybackEngines/WindowsStandaloneSupport/UnityEditor.WindowsStandalone.Extensions.dll
Registered in 0.001591 seconds.
Native extension for WindowsStandalone target not found
Refreshing native plugins compatible for Editor in 29.98 ms, found 0 plugins.
Preloading 0 native plugins for Editor in 0.00 ms.
Mono: successfully reloaded assembly
- Completed reload, in  0.809 seconds
Platform modules already initialized, skipping
Registering precompiled user dll's ...
Registered in 0.000986 seconds.
Begin MonoManager ReloadAssembly
Native extension for WindowsStandalone target not found
Refreshing native plugins compatible for Editor in 0.27 ms, found 0 plugins.
Preloading 0 native plugins for Editor in 0.00 ms.
Mono: successfully reloaded assembly
- Completed reload, in  0.822 seconds
Platform modules already initialized, skipping
========================================================================
Worker process is ready to serve import requests
Launched and connected shader compiler UnityShaderCompiler.exe after 0.03 seconds
Refreshing native plugins compatible for Editor in 0.27 ms, found 0 plugins.
Preloading 0 native plugins for Editor in 0.00 ms.
Unloading 1776 Unused Serialized files (Serialized files now loaded: 0)
System memory in use before: 83.9 MB.
System memory in use after: 84.0 MB.

Unloading 105 unused Assets to reduce memory usage. Loaded Objects now: 2211.
Total: 2.155100 ms (FindLiveObjects: 0.215100 ms CreateObjectMapping: 0.100700 ms MarkObjects: 1.664900 ms  DeleteObjects: 0.162000 ms)

========================================================================
Received Import Request.
  path: Assets/Scenes/SimpleMoverScene.unity
  artifactKey: Guid(8bffec5b638dc9c4fa074e756445bd6b) Importer(815301076,1909f56bfc062723c751e8b465ee728b)
Start importing Assets/Scenes/SimpleMoverScene.unity using Guid(8bffec5b638dc9c4fa074e756445bd6b) Importer(815301076,1909f56bfc062723c751e8b465ee728b)  -> (artifact id: '0b2a62fc448c7f46ce949ffba90df98e') in 0.008659 seconds
  Import took 0.011313 seconds .

========================================================================
Received Import Request.
  Time since last request: 0.000172 seconds.
  path: Assets/Scenes/AdvancedPlayground.unity
  artifactKey: Guid(c5f54a7fe0a02ee49b0891b32c42ed4a) Importer(815301076,1909f56bfc062723c751e8b465ee728b)
Start importing Assets/Scenes/AdvancedPlayground.unity using Guid(c5f54a7fe0a02ee49b0891b32c42ed4a) Importer(815301076,1909f56bfc062723c751e8b465ee728b)  -> (artifact id: 'fcf00d306d590ccd2d8303ca4cb965a2') in 0.004970 seconds
  Import took 0.007447 seconds .

========================================================================
Received Import Request.
  Time since last request: 1.245434 seconds.
  path: Assets/Scenes/AdvancedMoverScene.unity
  artifactKey: Guid(e28d2dee0d23d2e4d8019cee1a6907e9) Importer(815301076,1909f56bfc062723c751e8b465ee728b)
Start importing Assets/Scenes/AdvancedMoverScene.unity using Guid(e28d2dee0d23d2e4d8019cee1a6907e9) Importer(815301076,1909f56bfc062723c751e8b465ee728b)  -> (artifact id: '3e879fe60c6e8150111547bc1bab5bd0') in 0.005389 seconds
  Import took 0.017236 seconds .

========================================================================
Received Import Request.
  Time since last request: 140.744120 seconds.
  path: Assets/Scenes/LightPuzzle.unity
  artifactKey: Guid(f0a3a1c02b6be30498edcef8d31dcdf7) Importer(815301076,1909f56bfc062723c751e8b465ee728b)
Start importing Assets/Scenes/LightPuzzle.unity using Guid(f0a3a1c02b6be30498edcef8d31dcdf7) Importer(815301076,1909f56bfc062723c751e8b465ee728b)  -> (artifact id: 'b04708436ddca04cfb489ed1821ba2f9') in 0.006221 seconds
  Import took 0.252912 seconds .

========================================================================
Received Prepare
Registering precompiled user dll's ...
Registered in 0.001023 seconds.
Begin MonoManager ReloadAssembly
Native extension for WindowsStandalone target not found
Refreshing native plugins compatible for Editor in 0.28 ms, found 0 plugins.
Preloading 0 native plugins for Editor in 0.00 ms.
Warning: Annotation not found!
UnityEngine.StackTraceUtility:ExtractStackTrace ()
UnityEditor.ProBuilder.EditorUtility:SetGizmoIconEnabled (System.Type,bool) (at Library/PackageCache/com.unity.probuilder@4.5.0/Editor/EditorCore/EditorUtility.cs:593)
UnityEditor.ProBuilder.HierarchyListener:.cctor () (at Library/PackageCache/com.unity.probuilder@4.5.0/Editor/EditorCore/HierarchyListener.cs:21)
System.Runtime.CompilerServices.RuntimeHelpers:RunClassConstructor (System.RuntimeTypeHandle)
UnityEditor.EditorAssemblies:ProcessInitializeOnLoadAttributes (System.Type[])

[Library/PackageCache/com.unity.probuilder@4.5.0/Editor/EditorCore/EditorUtility.cs line 593]

Mono: successfully reloaded assembly
- Completed reload, in  0.697 seconds
Platform modules already initialized, skipping
Refreshing native plugins compatible for Editor in 0.39 ms, found 0 plugins.
Preloading 0 native plugins for Editor in 0.00 ms.
Unloading 1736 Unused Serialized files (Serialized files now loaded: 0)
System memory in use before: 80.5 MB.
System memory in use after: 80.5 MB.

Unloading 7 unused Assets to reduce memory usage. Loaded Objects now: 2215.
Total: 1.826600 ms (FindLiveObjects: 0.174100 ms CreateObjectMapping: 0.066200 ms MarkObjects: 1.531200 ms  DeleteObjects: 0.054200 ms)

========================================================================
Received Import Request.
  Time since last request: 80.929015 seconds.
  path: Assets/Scenes/RealGame.unity
  artifactKey: Guid(e28d2dee0d23d2e4d8019cee1a6907e9) Importer(815301076,1909f56bfc062723c751e8b465ee728b)
Start importing Assets/Scenes/RealGame.unity using Guid(e28d2dee0d23d2e4d8019cee1a6907e9) Importer(815301076,1909f56bfc062723c751e8b465ee728b)  -> (artifact id: 'a1b96953ec8fae4f353e4c23bc6ce3f4') in 0.009180 seconds
  Import took 0.012177 seconds .

========================================================================
Received Import Request.
  Time since last request: 4.205863 seconds.
  path: Assets/Scenes/RealGame.unity
  artifactKey: Guid(e28d2dee0d23d2e4d8019cee1a6907e9) Importer(815301076,1909f56bfc062723c751e8b465ee728b)
Start importing Assets/Scenes/RealGame.unity using Guid(e28d2dee0d23d2e4d8019cee1a6907e9) Importer(815301076,1909f56bfc062723c751e8b465ee728b)  -> (artifact id: 'a1b96953ec8fae4f353e4c23bc6ce3f4') in 0.001692 seconds
  Import took 0.004363 seconds .

========================================================================
Received Prepare
Registering precompiled user dll's ...
Registered in 0.000918 seconds.
Begin MonoManager ReloadAssembly
Native extension for WindowsStandalone target not found
Refreshing native plugins compatible for Editor in 0.27 ms, found 0 plugins.
Preloading 0 native plugins for Editor in 0.00 ms.
Warning: Annotation not found!
UnityEngine.StackTraceUtility:ExtractStackTrace ()
UnityEditor.ProBuilder.EditorUtility:SetGizmoIconEnabled (System.Type,bool) (at Library/PackageCache/com.unity.probuilder@4.5.0/Editor/EditorCore/EditorUtility.cs:593)
UnityEditor.ProBuilder.HierarchyListener:.cctor () (at Library/PackageCache/com.unity.probuilder@4.5.0/Editor/EditorCore/HierarchyListener.cs:21)
System.Runtime.CompilerServices.RuntimeHelpers:RunClassConstructor (System.RuntimeTypeHandle)
UnityEditor.EditorAssemblies:ProcessInitializeOnLoadAttributes (System.Type[])

[Library/PackageCache/com.unity.probuilder@4.5.0/Editor/EditorCore/EditorUtility.cs line 593]

Mono: successfully reloaded assembly
- Completed reload, in  0.663 seconds
Platform modules already initialized, skipping
Refreshing native plugins compatible for Editor in 0.31 ms, found 0 plugins.
Preloading 0 native plugins for Editor in 0.00 ms.
Unloading 1735 Unused Serialized files (Serialized files now loaded: 0)
System memory in use before: 80.5 MB.
System memory in use after: 80.5 MB.

Unloading 7 unused Assets to reduce memory usage. Loaded Objects now: 2218.
Total: 1.794600 ms (FindLiveObjects: 0.156100 ms CreateObjectMapping: 0.052700 ms MarkObjects: 1.529400 ms  DeleteObjects: 0.055300 ms)

========================================================================
Received Prepare
Registering precompiled user dll's ...
Registered in 0.001113 seconds.
Begin MonoManager ReloadAssembly
Native extension for WindowsStandalone target not found
Refreshing native plugins compatible for Editor in 0.32 ms, found 0 plugins.
Preloading 0 native plugins for Editor in 0.00 ms.
Warning: Annotation not found!
UnityEngine.StackTraceUtility:ExtractStackTrace ()
UnityEditor.ProBuilder.EditorUtility:SetGizmoIconEnabled (System.Type,bool) (at Library/PackageCache/com.unity.probuilder@4.5.0/Editor/EditorCore/EditorUtility.cs:593)
UnityEditor.ProBuilder.HierarchyListener:.cctor () (at Library/PackageCache/com.unity.probuilder@4.5.0/Editor/EditorCore/HierarchyListener.cs:21)
System.Runtime.CompilerServices.RuntimeHelpers:RunClassConstructor (System.RuntimeTypeHandle)
UnityEditor.EditorAssemblies:ProcessInitializeOnLoadAttributes (System.Type[])

[Library/PackageCache/com.unity.probuilder@4.5.0/Editor/EditorCore/EditorUtility.cs line 593]

Mono: successfully reloaded assembly
- Completed reload, in  0.853 seconds
Platform modules already initialized, skipping
Refreshing native plugins compatible for Editor in 0.32 ms, found 0 plugins.
Preloading 0 native plugins for Editor in 0.00 ms.
Unloading 1735 Unused Serialized files (Serialized files now loaded: 0)
System memory in use before: 80.5 MB.
System memory in use after: 80.6 MB.

Unloading 7 unused Assets to reduce memory usage. Loaded Objects now: 2221.
Total: 2.660500 ms (FindLiveObjects: 0.409300 ms CreateObjectMapping: 0.216000 ms MarkObjects: 1.979900 ms  DeleteObjects: 0.054000 ms)

========================================================================
Received Prepare
Registering precompiled user dll's ...
Registered in 0.001096 seconds.
Begin MonoManager ReloadAssembly
Native extension for WindowsStandalone target not found
Refreshing native plugins compatible for Editor in 0.28 ms, found 0 plugins.
Preloading 0 native plugins for Editor in 0.00 ms.
Warning: Annotation not found!
UnityEngine.StackTraceUtility:ExtractStackTrace ()
UnityEditor.ProBuilder.EditorUtility:SetGizmoIconEnabled (System.Type,bool) (at Library/PackageCache/com.unity.probuilder@4.5.0/Editor/EditorCore/EditorUtility.cs:593)
UnityEditor.ProBuilder.HierarchyListener:.cctor () (at Library/PackageCache/com.unity.probuilder@4.5.0/Editor/EditorCore/HierarchyListener.cs:21)
System.Runtime.CompilerServices.RuntimeHelpers:RunClassConstructor (System.RuntimeTypeHandle)
UnityEditor.EditorAssemblies:ProcessInitializeOnLoadAttributes (System.Type[])

[Library/PackageCache/com.unity.probuilder@4.5.0/Editor/EditorCore/EditorUtility.cs line 593]

Mono: successfully reloaded assembly
- Completed reload, in  0.664 seconds
Platform modules already initialized, skipping
Refreshing native plugins compatible for Editor in 0.27 ms, found 0 plugins.
Preloading 0 native plugins for Editor in 0.00 ms.
Unloading 1735 Unused Serialized files (Serialized files now loaded: 0)
System memory in use before: 80.5 MB.
System memory in use after: 80.6 MB.

Unloading 7 unused Assets to reduce memory usage. Loaded Objects now: 2224.
Total: 1.782500 ms (FindLiveObjects: 0.142700 ms CreateObjectMapping: 0.049700 ms MarkObjects: 1.537200 ms  DeleteObjects: 0.052200 ms)

========================================================================
Received Import Request.
  Time since last request: 555.505780 seconds.
  path: Assets/Scenes/RealGame.unity
  artifactKey: Guid(e28d2dee0d23d2e4d8019cee1a6907e9) Importer(815301076,1909f56bfc062723c751e8b465ee728b)
Start importing Assets/Scenes/RealGame.unity using Guid(e28d2dee0d23d2e4d8019cee1a6907e9) Importer(815301076,1909f56bfc062723c751e8b465ee728b)  -> (artifact id: '8a54b2c437cb88a91426d919858f2f1f') in 0.005364 seconds
  Import took 0.047554 seconds .

========================================================================
Received Prepare
Registering precompiled user dll's ...
Registered in 0.000847 seconds.
Begin MonoManager ReloadAssembly
Native extension for WindowsStandalone target not found
Refreshing native plugins compatible for Editor in 0.30 ms, found 0 plugins.
Preloading 0 native plugins for Editor in 0.00 ms.
Warning: Annotation not found!
UnityEngine.StackTraceUtility:ExtractStackTrace ()
UnityEditor.ProBuilder.EditorUtility:SetGizmoIconEnabled (System.Type,bool) (at Library/PackageCache/com.unity.probuilder@4.5.0/Editor/EditorCore/EditorUtility.cs:593)
UnityEditor.ProBuilder.HierarchyListener:.cctor () (at Library/PackageCache/com.unity.probuilder@4.5.0/Editor/EditorCore/HierarchyListener.cs:21)
System.Runtime.CompilerServices.RuntimeHelpers:RunClassConstructor (System.RuntimeTypeHandle)
UnityEditor.EditorAssemblies:ProcessInitializeOnLoadAttributes (System.Type[])

[Library/PackageCache/com.unity.probuilder@4.5.0/Editor/EditorCore/EditorUtility.cs line 593]

Mono: successfully reloaded assembly
- Completed reload, in  0.711 seconds
Platform modules already initialized, skipping
Refreshing native plugins compatible for Editor in 0.28 ms, found 0 plugins.
Preloading 0 native plugins for Editor in 0.00 ms.
Unloading 1735 Unused Serialized files (Serialized files now loaded: 0)
System memory in use before: 80.5 MB.
System memory in use after: 80.6 MB.

Unloading 7 unused Assets to reduce memory usage. Loaded Objects now: 2227.
Total: 1.994400 ms (FindLiveObjects: 0.172700 ms CreateObjectMapping: 0.062700 ms MarkObjects: 1.693300 ms  DeleteObjects: 0.064900 ms)

AssetImportWorkerClient::OnTransportError - code=2 error=End of file
